[2017-01-01 15:09:00] [INFO] begin to load model
[2017-01-01 15:11:44] [INFO] begin to load model
[2017-01-01 15:15:41] [INFO] begin to load model
[2017-01-01 15:16:47] [INFO] begin to load model
[2017-01-01 15:22:21] [INFO] begin to load model
[2017-01-01 15:24:32] [INFO] begin to load model
[2017-01-01 15:29:07] [INFO] begin to load model
[2017-01-01 15:31:44] [INFO] begin to load model
[2017-01-01 15:34:37] [INFO] begin to load model
[2017-01-01 15:37:33] [INFO] begin to load model
[2017-01-01 15:42:14] [INFO] begin to load model
[2017-01-01 15:44:18] [INFO] begin to load model
[2017-01-01 15:47:59] [INFO] begin to load model
[2017-01-01 15:50:32] [INFO] begin to load model
[2017-01-01 15:52:12] [INFO] begin to load model
[2017-01-01 15:57:31] [INFO] begin to load model
[2017-01-01 15:58:23] [INFO] most like docs:
[2017-01-01 15:58:28] [INFO] [0]
[2017-01-01 15:58:35] [INFO] 1
[2017-01-01 15:58:35] [INFO] Accuracy: 100.00%
[2017-01-01 15:58:37] [INFO] ending to predict model
[2017-01-01 15:59:58] [INFO] begin to load model
[2017-01-01 16:01:50] [INFO] most like docs:
[2017-01-01 16:01:51] [INFO] [0]
[2017-01-01 16:01:57] [INFO] 1
[2017-01-01 16:01:57] [INFO] Accuracy: 50.00%
[2017-01-01 16:01:57] [INFO] ending to predict model
[2017-01-01 16:02:45] [INFO] begin to load model
[2017-01-01 16:03:10] [INFO] most like docs:
[2017-01-01 16:03:10] [INFO] [0]
[2017-01-01 16:03:10] [INFO] 2
[2017-01-01 16:03:10] [INFO] Accuracy: 100.00%
[2017-01-01 16:03:10] [INFO] ending to predict model
[2017-01-01 16:05:05] [INFO] begin to load model
[2017-01-01 16:05:27] [INFO] most like docs:
[2017-01-01 16:05:27] [INFO] [0]
[2017-01-01 16:05:27] [INFO] 2
[2017-01-01 16:05:27] [INFO] Accuracy: 100.00%
[2017-01-01 16:05:27] [INFO] ending to predict model
[2017-01-01 16:09:10] [INFO] begin to load model
[2017-01-01 16:09:29] [INFO] begin to load model
[2017-01-01 16:09:52] [INFO] 哮喘 时 气雾剂 过敏原 气管 气道 痰 效果 患病率 肺 气流 受体 规范 呼气 激动剂
[2017-01-01 16:09:52] [INFO] 支气管哮喘
[2017-01-01 16:09:52] [INFO] 手指 夹板 疼痛 石膏 骨折 胶带 骨头 塑料袋 时 好友 指甲 手臂 冰 塑料 新
[2017-01-01 16:09:52] [INFO] 支气管哮喘
[2017-01-01 16:09:52] [INFO] most like docs:
[2017-01-01 16:09:52] [INFO] [0]
[2017-01-01 16:09:52] [INFO] 2
[2017-01-01 16:09:52] [INFO] Accuracy: 100.00%
[2017-01-01 16:09:52] [INFO] ending to predict model
[2017-01-01 16:11:51] [INFO] begin to load model
[2017-01-01 16:12:14] [INFO] 哮喘 时 气雾剂 过敏原 气管 气道 痰 效果 患病率 肺 气流 受体 规范 呼气 激动剂
[2017-01-01 16:12:14] [INFO] 支气管哮喘
[2017-01-01 16:12:14] [INFO] 手指 夹板 疼痛 石膏 骨折 胶带 骨头 塑料袋 时 好友 指甲 手臂 冰 塑料 新
[2017-01-01 16:12:14] [INFO] 支气管哮喘
[2017-01-01 16:12:14] [INFO] most like docs:
[2017-01-01 16:12:14] [INFO] [0]
[2017-01-01 16:12:14] [INFO] 2
[2017-01-01 16:12:14] [INFO] Accuracy: 100.00%
[2017-01-01 16:12:14] [INFO] ending to predict model
[2017-01-01 16:13:18] [INFO] begin to load model
[2017-01-01 16:13:41] [INFO] 哮喘 时 气雾剂 过敏原 气管 气道 痰 效果 患病率 肺 气流 受体 规范 呼气 激动剂
[2017-01-01 16:13:41] [INFO] 支气管哮喘
[2017-01-01 16:13:41] [INFO] 手指 夹板 疼痛 石膏 骨折 胶带 骨头 塑料袋 时 好友 指甲 手臂 冰 塑料 新
[2017-01-01 16:13:41] [INFO] 支气管哮喘
[2017-01-01 16:13:41] [INFO] most like docs:
[2017-01-01 16:13:41] [INFO] [0]
[2017-01-01 16:13:41] [INFO] 2
[2017-01-01 16:13:41] [INFO] Accuracy: 100.00%
[2017-01-01 16:13:41] [INFO] ending to predict model
[2017-01-01 16:14:15] [INFO] begin to load model
[2017-01-01 16:14:38] [INFO] 哮喘 时 气雾剂 过敏原 气管 气道 痰 效果 患病率 肺 气流 受体 规范 呼气 激动剂
[2017-01-01 16:14:38] [INFO] 支气管哮喘
[2017-01-01 16:14:38] [INFO] 手指 夹板 疼痛 石膏 骨折 胶带 骨头 塑料袋 时 好友 指甲 手臂 冰 塑料 新
[2017-01-01 16:14:38] [INFO] 支气管哮喘
[2017-01-01 16:14:38] [INFO] most like docs:
[2017-01-01 16:14:38] [INFO] [0]
[2017-01-01 16:14:38] [INFO] 1
[2017-01-01 16:14:38] [INFO] Accuracy: 50.00%
[2017-01-01 16:14:38] [INFO] ending to predict model
[2017-01-01 16:18:03] [INFO] begin to load model
[2017-01-01 16:20:46] [INFO] 哮喘 时 气雾剂 过敏原 气管 气道 痰 效果 患病率 肺 气流 受体 规范 呼气 激动剂
[2017-01-01 16:20:46] [INFO] 支气管哮喘
[2017-01-01 16:21:41] [INFO] 手指 夹板 疼痛 石膏 骨折 胶带 骨头 塑料袋 时 好友 指甲 手臂 冰 塑料 新
[2017-01-01 16:21:41] [INFO] 支气管哮喘
[2017-01-01 16:22:15] [INFO] most like docs:
[2017-01-01 16:22:16] [INFO] [0]
[2017-01-01 16:22:18] [INFO] 1
[2017-01-01 16:22:18] [INFO] Accuracy: 50.00%
[2017-01-01 16:22:18] [INFO] ending to predict model
[2017-01-01 16:28:59] [INFO] begin to load model
[2017-01-01 16:30:02] [INFO] 哮喘 时 气雾剂 过敏原 气管 气道 痰 效果 患病率 肺 气流 受体 规范 呼气 激动剂
[2017-01-01 16:30:02] [INFO] 支气管哮喘
[2017-01-01 16:30:02] [INFO] 手指 夹板 疼痛 石膏 骨折 胶带 骨头 塑料袋 时 好友 指甲 手臂 冰 塑料 新
[2017-01-01 16:30:02] [INFO] 支气管哮喘
[2017-01-01 16:30:06] [INFO] most like docs:
[2017-01-01 16:30:07] [INFO] [0]
[2017-01-01 16:30:16] [INFO] 1
[2017-01-01 16:30:16] [INFO] Accuracy: 50.00%
[2017-01-01 16:30:16] [INFO] ending to predict model
[2017-01-01 16:32:15] [INFO] begin to load model
[2017-01-01 16:32:36] [INFO] 哮喘 时 气雾剂 过敏原 气管 气道 痰 效果 患病率 肺 气流 受体 规范 呼气 激动剂
[2017-01-01 16:32:36] [INFO] 支气管哮喘
[2017-01-01 16:32:36] [INFO] 手指 夹板 疼痛 石膏 骨折 胶带 骨头 塑料袋 时 好友 指甲 手臂 冰 塑料 新
[2017-01-01 16:32:36] [INFO] 支气管哮喘
[2017-01-01 16:32:36] [INFO] most like docs:
[2017-01-01 16:32:36] [INFO] [1]
[2017-01-01 16:32:36] [INFO] 1
[2017-01-01 16:32:36] [INFO] Accuracy: 50.00%
[2017-01-01 16:32:36] [INFO] ending to predict model
[2017-01-01 16:35:21] [INFO] begin to load model
[2017-01-01 16:35:42] [INFO] 哮喘 时 气雾剂 过敏原 气管 气道 痰 效果 患病率 肺 气流 受体 规范 呼气 激动剂
[2017-01-01 16:35:42] [INFO] 支气管哮喘
[2017-01-01 16:35:42] [INFO] 手指 夹板 疼痛 石膏 骨折 胶带 骨头 塑料袋 时 好友 指甲 手臂 冰 塑料 新
[2017-01-01 16:35:42] [INFO] 支气管哮喘
[2017-01-01 16:35:42] [INFO] most like docs:
[2017-01-01 16:35:42] [INFO] [1]
[2017-01-01 16:35:42] [INFO] 1
[2017-01-01 16:35:42] [INFO] Accuracy: 50.00%
[2017-01-01 16:35:42] [INFO] ending to predict model
[2017-01-01 16:40:09] [INFO] begin to load model
[2017-01-01 16:40:30] [INFO] 哮喘 时 气雾剂 过敏原 气管 气道 痰 效果 患病率 肺 气流 受体 规范 呼气 激动剂
[2017-01-01 16:40:30] [INFO] 支气管哮喘
[2017-01-01 16:40:30] [INFO] 手指 夹板 疼痛 石膏 骨折 胶带 骨头 塑料袋 时 好友 指甲 手臂 冰 塑料 新
[2017-01-01 16:40:30] [INFO] 支气管哮喘
[2017-01-01 16:40:30] [INFO] most like docs:
[2017-01-01 16:40:30] [INFO] [1]
[2017-01-01 16:40:30] [INFO] 1
[2017-01-01 16:40:30] [INFO] Accuracy: 50.00%
[2017-01-01 16:40:30] [INFO] ending to predict model
[2017-01-01 16:44:05] [INFO] begin to load model
[2017-01-01 16:44:27] [INFO] -------------------------------------
[2017-01-01 16:44:47] [INFO] begin to load model
[2017-01-01 16:45:08] [INFO] -------------------------------------
[2017-01-01 16:45:08] [INFO] most like docs:[0]
[2017-01-01 16:45:08] [INFO] 哮喘 时 气雾剂 过敏原 气管 气道 痰 效果 患病率 肺 气流 受体 规范 呼气 激动剂
[2017-01-01 16:45:08] [INFO] 支气管哮喘
[2017-01-01 16:45:08] [INFO] -------------------------------------
[2017-01-01 16:45:08] [INFO] most like docs:[0]
[2017-01-01 16:45:08] [INFO] 手指 夹板 疼痛 石膏 骨折 胶带 骨头 塑料袋 时 好友 指甲 手臂 冰 塑料 新
[2017-01-01 16:45:08] [INFO] 支气管哮喘
[2017-01-01 16:45:08] [INFO] 1
[2017-01-01 16:45:08] [INFO] Accuracy: 50.00%
[2017-01-01 16:45:08] [INFO] ending to predict model
[2017-01-01 16:47:54] [INFO] begin to load model
[2017-01-01 16:49:18] [INFO] begin to load model
[2017-01-01 16:49:50] [INFO] begin to load model
[2017-01-01 16:50:28] [INFO] begin to load model
[2017-01-01 16:50:50] [INFO] -------------------------------------
[2017-01-01 16:50:50] [INFO] most like docs:[0]
[2017-01-01 16:50:50] [INFO] 哮喘 时 气雾剂 过敏原 气管 气道 痰 效果 患病率 肺 气流 受体 规范 呼气 激动剂
[2017-01-01 16:50:50] [INFO] 支气管哮喘
[2017-01-01 16:50:50] [INFO] -------------------------------------
[2017-01-01 16:50:50] [INFO] most like docs:[0]
[2017-01-01 16:50:50] [INFO] 手指 夹板 疼痛 石膏 骨折 胶带 骨头 塑料袋 时 好友 指甲 手臂 冰 塑料 新
[2017-01-01 16:50:50] [INFO] 支气管哮喘
[2017-01-01 16:50:50] [INFO] 1
[2017-01-01 16:50:50] [INFO] Accuracy: 50.00%
[2017-01-01 16:50:50] [INFO] ending to predict model
[2017-01-03 10:03:05] [INFO] begin to load model
[2017-01-03 10:13:01] [INFO] begin to load model
[2017-01-03 10:13:24] [INFO] -------------------------------------
[2017-01-03 10:13:24] [INFO] most like docs:[0]
[2017-01-03 10:13:24] [INFO] 哮喘 时 气雾剂 过敏原 气管 气道 痰 效果 患病率 肺 气流 受体 规范 呼气 激动剂
[2017-01-03 10:13:24] [INFO] 支气管哮喘
[2017-01-03 10:13:24] [INFO] -------------------------------------
[2017-01-03 10:13:24] [INFO] most like docs:[0]
[2017-01-03 10:13:24] [INFO] 手指 夹板 疼痛 石膏 骨折 胶带 骨头 塑料袋 时 好友 指甲 手臂 冰 塑料 新
[2017-01-03 10:13:24] [INFO] 支气管哮喘
[2017-01-03 10:13:24] [INFO] 1
[2017-01-03 10:13:24] [INFO] Accuracy: 50.00%
[2017-01-03 10:13:24] [INFO] ending to predict model
[2017-01-03 10:13:39] [INFO] begin to load model
[2017-01-03 10:14:02] [INFO] -------------------------------------
[2017-01-03 10:14:02] [INFO] most like docs:[0]
[2017-01-03 10:14:02] [INFO] 哮喘 时 气雾剂 过敏原 气管 气道 痰 效果 患病率 肺 气流 受体 规范 呼气 激动剂
[2017-01-03 10:14:02] [INFO] 支气管哮喘
[2017-01-03 10:14:02] [INFO] -------------------------------------
[2017-01-03 10:14:02] [INFO] most like docs:[0]
[2017-01-03 10:14:02] [INFO] 手指 夹板 疼痛 石膏 骨折 胶带 骨头 塑料袋 时 好友 指甲 手臂 冰 塑料 新
[2017-01-03 10:14:02] [INFO] 支气管哮喘
[2017-01-03 10:14:02] [INFO] 0
[2017-01-03 10:14:02] [INFO] Accuracy: 0.00%
[2017-01-03 10:14:02] [INFO] ending to predict model
[2017-01-03 10:14:18] [INFO] begin to load model
[2017-01-03 10:14:43] [INFO] -------------------------------------
[2017-01-03 10:14:43] [INFO] most like docs:[0]
[2017-01-03 10:14:43] [INFO] 哮喘 时 气雾剂 过敏原 气管 气道 痰 效果 患病率 肺 气流 受体 规范 呼气 激动剂
[2017-01-03 10:14:43] [INFO] 支气管哮喘
[2017-01-03 10:14:43] [INFO] -------------------------------------
[2017-01-03 10:14:43] [INFO] most like docs:[0]
[2017-01-03 10:14:43] [INFO] 手指 夹板 疼痛 石膏 骨折 胶带 骨头 塑料袋 时 好友 指甲 手臂 冰 塑料 新
[2017-01-03 10:14:43] [INFO] 支气管哮喘
[2017-01-03 10:14:43] [INFO] 2
[2017-01-03 10:14:43] [INFO] Accuracy: 100.00%
[2017-01-03 10:14:43] [INFO] ending to predict model
[2017-01-03 10:23:43] [INFO] begin to load model
[2017-01-03 10:24:05] [INFO] -------------------------------------
[2017-01-03 10:24:05] [INFO] most like docs:[0]
[2017-01-03 10:24:05] [INFO] 哮喘 时 气雾剂 过敏原 气管 气道 痰 效果 患病率 肺 气流 受体 规范 呼气 激动剂
[2017-01-03 10:24:05] [INFO] 支气管哮喘
[2017-01-03 10:24:05] [INFO] -------------------------------------
[2017-01-03 10:24:05] [INFO] most like docs:[0]
[2017-01-03 10:24:05] [INFO] 手指 夹板 疼痛 石膏 骨折 胶带 骨头 塑料袋 时 好友 指甲 手臂 冰 塑料 新
[2017-01-03 10:24:05] [INFO] 支气管哮喘
[2017-01-03 10:24:05] [INFO] 1
[2017-01-03 10:24:05] [INFO] Accuracy: 50.00%
[2017-01-03 10:24:05] [INFO] ending to predict model
[2017-01-03 10:27:26] [INFO] begin to load model
[2017-01-03 10:27:51] [INFO] begin to load model
[2017-01-03 10:28:19] [INFO] begin to load model
[2017-01-03 10:31:28] [INFO] begin to load model
[2017-01-03 10:32:27] [INFO] begin to load model
[2017-01-03 10:33:08] [INFO] begin to load model
[2017-01-03 10:34:13] [INFO] begin to load model
[2017-01-03 10:34:32] [INFO] begin to load model
[2017-01-03 10:35:04] [INFO] begin to load model
[2017-01-03 10:35:27] [INFO] -------------------------------------
[2017-01-03 10:35:27] [INFO] most like docs:[0]
[2017-01-03 10:35:27] [INFO] 哮喘 时 气雾剂 过敏原 气管 气道 痰 效果 患病率 肺 气流 受体 规范 呼气 激动剂
[2017-01-03 10:35:27] [INFO] 支气管哮喘
[2017-01-03 10:35:27] [INFO] -------------------------------------
[2017-01-03 10:35:27] [INFO] most like docs:[0]
[2017-01-03 10:35:27] [INFO] 手指 夹板 疼痛 石膏 骨折 胶带 骨头 塑料袋 时 好友 指甲 手臂 冰 塑料 新
[2017-01-03 10:35:27] [INFO] 支气管哮喘
[2017-01-03 10:35:27] [INFO] 1
[2017-01-03 10:35:27] [INFO] Accuracy: 50.00%
[2017-01-03 10:35:27] [INFO] ending to predict model
[2017-01-03 10:56:08] [INFO] begin to load model
[2017-01-03 10:56:31] [INFO] -------------------------------------
[2017-01-03 10:56:31] [INFO] most like docs:[0 1]
[2017-01-03 10:56:31] [INFO] 哮喘 时 气雾剂 过敏原 气管 气道 痰 效果 患病率 肺 气流 受体 规范 呼气 激动剂
[2017-01-03 11:03:34] [INFO] begin to load model
[2017-01-03 11:03:57] [INFO] -------------------------------------
[2017-01-03 11:03:57] [INFO] most like docs:[0 1]
[2017-01-03 11:03:57] [INFO] 哮喘 时 气雾剂 过敏原 气管 气道 痰 效果 患病率 肺 气流 受体 规范 呼气 激动剂
[2017-01-03 11:06:08] [INFO] begin to load model
[2017-01-03 11:06:31] [INFO] -------------------------------------
[2017-01-03 11:06:31] [INFO] most like docs:[0 1]
[2017-01-03 11:06:31] [INFO] 哮喘 时 气雾剂 过敏原 气管 气道 痰 效果 患病率 肺 气流 受体 规范 呼气 激动剂
[2017-01-03 11:06:58] [INFO] begin to load model
[2017-01-03 11:08:05] [INFO] -------------------------------------
[2017-01-03 11:08:05] [INFO] most like docs:[0 1]
[2017-01-03 11:08:31] [INFO] begin to load model
[2017-01-03 11:08:54] [INFO] -------------------------------------
[2017-01-03 11:08:54] [INFO] most like docs:[0 1]
[2017-01-03 11:08:54] [INFO] 支气管哮喘
[2017-01-03 11:09:36] [INFO] begin to load model
[2017-01-03 11:09:58] [INFO] -------------------------------------
[2017-01-03 11:09:58] [INFO] most like docs:[0]
[2017-01-03 11:09:58] [INFO] 支气管哮喘
[2017-01-03 11:09:58] [INFO] -------------------------------------
[2017-01-03 11:09:58] [INFO] most like docs:[0]
[2017-01-03 11:09:58] [INFO] 支气管哮喘
[2017-01-03 11:09:58] [INFO] 1
[2017-01-03 11:09:58] [INFO] Accuracy: 50.00%
[2017-01-03 11:09:58] [INFO] ending to predict model
[2017-01-03 11:12:12] [INFO] begin to load model
[2017-01-03 11:12:35] [INFO] -------------------------------------
[2017-01-03 11:12:35] [INFO] most like docs:[0 1]
[2017-01-03 11:12:35] [INFO] 支气管哮喘
[2017-01-03 11:13:01] [INFO] begin to load model
[2017-01-03 11:13:25] [INFO] -------------------------------------
[2017-01-03 11:13:25] [INFO] most like docs:[0]
[2017-01-03 11:13:25] [INFO] 支气管哮喘
[2017-01-03 11:13:25] [INFO] -------------------------------------
[2017-01-03 11:13:25] [INFO] most like docs:[0]
[2017-01-03 11:13:25] [INFO] 支气管哮喘
[2017-01-03 11:13:25] [INFO] 1
[2017-01-03 11:13:25] [INFO] Accuracy: 50.00%
[2017-01-03 11:13:25] [INFO] ending to predict model
[2017-01-03 11:13:50] [INFO] begin to load model
[2017-01-03 11:14:14] [INFO] -------------------------------------
[2017-01-03 11:14:14] [INFO] most like docs:[0 1]
[2017-01-03 11:14:14] [INFO] 支气管哮喘
[2017-01-03 11:15:30] [INFO] begin to load model
[2017-01-03 11:15:53] [INFO] -------------------------------------
[2017-01-03 11:15:53] [INFO] most like docs:[0 1]
[2017-01-03 11:15:53] [INFO] -------------------------------------
[2017-01-03 11:15:53] [INFO] most like docs:[0 1]
[2017-01-03 11:15:53] [INFO] 1
[2017-01-03 11:15:53] [INFO] Accuracy: 50.00%
[2017-01-03 11:15:53] [INFO] ending to predict model
[2017-01-03 11:16:14] [INFO] begin to load model
[2017-01-03 11:16:29] [INFO] begin to load model
[2017-01-03 11:16:52] [INFO] -------------------------------------
[2017-01-03 11:16:52] [INFO] most like docs:[0 1]
[2017-01-03 11:16:52] [INFO] -------------------------------------
[2017-01-03 11:16:52] [INFO] most like docs:[0 1]
[2017-01-03 11:16:52] [INFO] 1
[2017-01-03 11:16:52] [INFO] Accuracy: 50.00%
[2017-01-03 11:16:52] [INFO] ending to predict model
[2017-01-03 11:26:48] [INFO] begin to load model
[2017-01-03 11:27:11] [INFO] most like docs:[0 1]
[2017-01-03 11:27:11] [INFO] 哮喘 时 气雾剂 过敏原 气管 气道 痰 效果 患病率 肺 气流 受体 规范 呼气 激动剂
[2017-01-03 11:27:47] [INFO] begin to load model
[2017-01-03 11:31:11] [INFO] begin to load model
[2017-01-03 11:31:33] [INFO] most like docs:[0 1]
[2017-01-03 11:33:00] [INFO] begin to load model
[2017-01-03 11:33:23] [INFO] most like docs:[0 1]
[2017-01-03 11:34:45] [INFO] begin to load model
[2017-01-03 11:35:09] [INFO] most like docs:[0 1]
[2017-01-03 11:35:13] [INFO] begin to load model
[2017-01-03 11:35:36] [INFO] most like docs:[0 1]
[2017-01-03 11:35:36] [INFO] 指骨折（闭合性）诊后须知
[2017-01-03 11:35:36] [INFO] 支气管哮喘
[2017-01-03 11:35:36] [INFO] most like docs:[0 1]
[2017-01-03 11:35:36] [INFO] 指骨折（闭合性）诊后须知
[2017-01-03 11:35:36] [INFO] 支气管哮喘
[2017-01-03 11:35:36] [INFO] 1
[2017-01-03 11:35:36] [INFO] Accuracy: 50.00%
[2017-01-03 11:35:36] [INFO] ending to predict model
[2017-01-03 11:37:05] [INFO] begin to load model
[2017-01-03 11:37:28] [INFO] most like docs:[0]
[2017-01-03 11:37:28] [INFO] 支气管哮喘
[2017-01-03 11:37:28] [INFO] most like docs:[0]
[2017-01-03 11:37:28] [INFO] 支气管哮喘
[2017-01-03 11:37:28] [INFO] 1
[2017-01-03 11:37:28] [INFO] Accuracy: 50.00%
[2017-01-03 11:37:28] [INFO] ending to predict model
[2017-01-03 11:38:16] [INFO] begin to load model
[2017-01-03 11:38:39] [INFO] most like docs:[0]
[2017-01-03 11:38:39] [INFO] 支气管哮喘
[2017-01-03 11:38:39] [INFO] most like docs:[0]
[2017-01-03 11:38:39] [INFO] 支气管哮喘
[2017-01-03 11:38:39] [INFO] 1
[2017-01-03 11:38:39] [INFO] Accuracy: 50.00%
[2017-01-03 11:38:39] [INFO] ending to predict model
[2017-01-03 11:40:27] [INFO] begin to load model
[2017-01-03 11:40:50] [INFO] most like docs:[0]
[2017-01-03 11:40:50] [INFO] 哮喘 时 气雾剂 过敏原 气管 气道 痰 效果 患病率 肺 气流 受体 规范 呼气 激动剂
[2017-01-03 11:40:50] [INFO] 支气管哮喘
[2017-01-03 11:40:50] [INFO] most like docs:[0]
[2017-01-03 11:41:52] [INFO] begin to load model
[2017-01-03 11:42:15] [INFO] most like docs:[0]
[2017-01-03 11:45:27] [INFO] begin to load model
[2017-01-03 11:46:32] [INFO] most like docs:[0]
[2017-01-03 11:54:57] [INFO] begin to load model
[2017-01-03 11:56:03] [INFO] most like docs:[0 1]
[2017-01-03 11:57:29] [INFO] begin to load model
[2017-01-03 11:58:33] [INFO] most like docs:[0 1]
[2017-01-03 12:02:33] [INFO] begin to load model
[2017-01-03 12:02:55] [INFO] most like docs:[0 1]
[2017-01-03 12:02:55] [INFO] 指骨折（闭合性）诊后须知
[2017-01-03 12:02:55] [INFO] 支气管哮喘
[2017-01-03 12:02:55] [INFO] most like docs:[0 1]
[2017-01-03 12:02:55] [INFO] 指骨折（闭合性）诊后须知
[2017-01-03 12:02:55] [INFO] 支气管哮喘
[2017-01-03 12:02:55] [INFO] 1
[2017-01-03 12:02:55] [INFO] Accuracy: 50.00%
[2017-01-03 12:02:55] [INFO] ending to predict model
[2017-01-03 12:11:21] [INFO] begin to load model
[2017-01-03 13:11:56] [INFO] begin to load model
[2017-01-03 13:12:21] [INFO] begin to load model
[2017-01-03 13:16:38] [INFO] begin to load model
[2017-01-03 13:39:11] [INFO] begin to load model
[2017-01-03 13:41:45] [INFO] begin to load model
[2017-01-03 13:42:23] [INFO] begin to load model
[2017-01-03 13:46:15] [INFO] begin to load model
[2017-01-03 13:48:13] [INFO] begin to load model
[2017-01-03 13:50:19] [INFO] begin to load model
[2017-01-03 13:51:27] [INFO] begin to load model
[2017-01-03 13:52:45] [INFO] most like docs:[1 0]
[2017-01-03 13:52:45] [INFO] 支气管哮喘
[2017-01-03 13:52:45] [INFO] 指骨折（闭合性）诊后须知
[2017-01-03 13:52:48] [INFO] most like docs:[0 1]
[2017-01-03 13:52:48] [INFO] 指骨折（闭合性）诊后须知
[2017-01-03 13:52:48] [INFO] 支气管哮喘
[2017-01-03 13:52:48] [INFO] 1
[2017-01-03 13:52:48] [INFO] Accuracy: 50.00%
[2017-01-03 13:52:48] [INFO] ending to predict model
[2017-01-03 13:55:47] [INFO] begin to load model
[2017-01-03 13:56:52] [INFO] most like docs:[1 0]
[2017-01-03 13:56:52] [INFO] 支气管哮喘
[2017-01-03 13:56:52] [INFO] 指骨折（闭合性）诊后须知
[2017-01-03 13:56:52] [INFO] most like docs:[0 1]
[2017-01-03 13:56:52] [INFO] 指骨折（闭合性）诊后须知
[2017-01-03 13:56:52] [INFO] 支气管哮喘
[2017-01-03 13:57:15] [INFO] 结果为：[1]
[2017-01-03 13:57:15] [INFO] 1
[2017-01-03 13:57:15] [INFO] Accuracy: 50.00%
[2017-01-03 13:57:15] [INFO] ending to predict model
[2017-01-03 14:04:37] [INFO] begin to load model
[2017-01-03 14:04:59] [INFO] most like docs:[1 0]
[2017-01-03 14:04:59] [INFO] 支气管哮喘
[2017-01-03 14:04:59] [INFO] 指骨折（闭合性）诊后须知
[2017-01-03 14:04:59] [INFO] most like docs:[0 1]
[2017-01-03 14:04:59] [INFO] 指骨折（闭合性）诊后须知
[2017-01-03 14:04:59] [INFO] 支气管哮喘
[2017-01-03 14:04:59] [INFO] 结果为：[0 1]
[2017-01-03 14:04:59] [INFO] 2
[2017-01-03 14:04:59] [INFO] Accuracy: 100.00%
[2017-01-03 14:04:59] [INFO] ending to predict model
[2017-01-03 10:55:31] [INFO] begin to load model
[2017-01-03 10:56:54] [INFO] begin to load model
[2017-01-03 10:57:06] [INFO] -------------------------------------
[2017-01-03 10:57:06] [INFO] most like docs:[0 1]
[2017-01-03 10:57:06] [INFO] 哮喘 时 气雾剂 过敏原 气管 气道 痰 效果 肺 气流 受体 患病率 呼气 规范 激动剂
[2017-01-03 10:58:23] [INFO] begin to load model
[2017-01-03 14:22:46] [INFO] begin to load model
[2017-01-03 14:23:10] [INFO] most like docs:[0 1]
[2017-01-03 14:23:10] [INFO] 指骨折（闭合性）诊后须知
[2017-01-03 14:23:10] [INFO] 支气管哮喘
[2017-01-03 14:23:10] [INFO] most like docs:[0 1]
[2017-01-03 14:23:10] [INFO] 指骨折（闭合性）诊后须知
[2017-01-03 14:23:10] [INFO] 支气管哮喘
[2017-01-03 14:23:10] [INFO] 结果为：[1 1]
[2017-01-03 14:23:10] [INFO] 1
[2017-01-03 14:23:10] [INFO] Accuracy: 50.00%
[2017-01-03 14:23:10] [INFO] ending to predict model
[2017-01-03 14:25:19] [INFO] begin to load model
[2017-01-03 14:25:41] [INFO] most like docs:[1]
[2017-01-03 14:25:41] [INFO] most like docs:[0]
[2017-01-03 14:25:41] [INFO] 2
[2017-01-03 14:25:41] [INFO] Accuracy: 100.00%
[2017-01-03 14:25:41] [INFO] ending to predict model
[2017-01-03 14:27:18] [INFO] begin to load model
[2017-01-03 14:27:40] [INFO] most like docs:[1]
[2017-01-03 14:27:40] [INFO] 哮喘 时 气雾剂 过敏原 气管 痰 哮鸣 病 肥大细胞 受体 气流 肺 心 呼气 眼睛
[2017-01-03 14:27:40] [INFO] 支气管哮喘
[2017-01-03 14:27:40] [INFO] most like docs:[0]
[2017-01-03 14:27:40] [INFO] 恶心 骨折 夹板 疼痛 容积 石膏 时 饮用 组胺 感觉 胶带 骨头 胸闷 支气管炎 呼吸衰竭
[2017-01-03 14:27:40] [INFO] 指骨折（闭合性）诊后须知
[2017-01-03 14:27:40] [INFO] 2
[2017-01-03 14:27:40] [INFO] Accuracy: 100.00%
[2017-01-03 14:27:40] [INFO] ending to predict model
